<?xml version="1.0" encoding="utf-8"?><testsuites name="pytest tests"><testsuite name="pytest" errors="0" failures="0" skipped="0" tests="12" time="3.560" timestamp="2026-02-25T16:30:02.217233+00:00" hostname="agent-env-9d674481-3a80-4d0e-8b24-f771ea85b97c"><testcase classname="backend.tests.test_salon_features.TestAuthentication" name="test_login_success" time="0.521" /><testcase classname="backend.tests.test_salon_features.TestAuthentication" name="test_login_invalid_credentials" time="0.196" /><testcase classname="backend.tests.test_salon_features.TestDashboardStats" name="test_get_dashboard_stats" time="0.665" /><testcase classname="backend.tests.test_salon_features.TestServicesAPI" name="test_get_services" time="0.214" /><testcase classname="backend.tests.test_salon_features.TestServicesAPI" name="test_modellanti_services_exist" time="0.225" /><testcase classname="backend.tests.test_salon_features.TestAppointmentsAPI" name="test_get_appointments" time="0.352" /><testcase classname="backend.tests.test_salon_features.TestAppointmentsAPI" name="test_get_appointments_by_date_range" time="0.218" /><testcase classname="backend.tests.test_salon_features.TestLoyaltyAPI" name="test_get_loyalty_empty" time="0.132" /><testcase classname="backend.tests.test_salon_features.TestLoyaltyAPI" name="test_get_loyalty_config" time="0.200" /><testcase classname="backend.tests.test_salon_features.TestSettingsAPI" name="test_get_settings" time="0.283" /><testcase classname="backend.tests.test_salon_features.TestOperatorsAPI" name="test_get_operators" time="0.281" /><testcase classname="backend.tests.test_salon_features.TestClientsAPI" name="test_get_clients" time="0.153" /></testsuite></testsuites>