<?xml version="1.0" encoding="utf-8"?><testsuites name="pytest tests"><testsuite name="pytest" errors="0" failures="0" skipped="0" tests="13" time="6.477" timestamp="2026-02-26T15:00:41.692630+00:00" hostname="agent-env-9d674481-3a80-4d0e-8b24-f771ea85b97c"><testcase classname="backend.tests.test_reminders_cards_features.TestMessageTemplates" name="test_get_templates_returns_defaults_if_empty" time="0.759" /><testcase classname="backend.tests.test_reminders_cards_features.TestMessageTemplates" name="test_create_message_template" time="0.483" /><testcase classname="backend.tests.test_reminders_cards_features.TestMessageTemplates" name="test_update_message_template" time="0.596" /><testcase classname="backend.tests.test_reminders_cards_features.TestMessageTemplates" name="test_delete_message_template" time="0.521" /><testcase classname="backend.tests.test_reminders_cards_features.TestRemindersEndpoints" name="test_get_tomorrow_reminders" time="0.161" /><testcase classname="backend.tests.test_reminders_cards_features.TestRemindersEndpoints" name="test_get_inactive_clients" time="0.237" /><testcase classname="backend.tests.test_reminders_cards_features.TestRemindersEndpoints" name="test_appointment_reset_endpoint_exists" time="0.261" /><testcase classname="backend.tests.test_reminders_cards_features.TestRemindersEndpoints" name="test_inactive_reset_endpoint_exists" time="0.272" /><testcase classname="backend.tests.test_reminders_cards_features.TestCardTemplates" name="test_get_card_templates" time="0.146" /><testcase classname="backend.tests.test_reminders_cards_features.TestCardTemplates" name="test_create_card_template" time="0.638" /><testcase classname="backend.tests.test_reminders_cards_features.TestCardTemplates" name="test_update_card_template" time="1.354" /><testcase classname="backend.tests.test_reminders_cards_features.TestCardTemplates" name="test_delete_card_template" time="0.807" /><testcase classname="backend.tests.test_reminders_cards_features.TestExistingPresetPackages" name="test_preset_packages_exist" time="0.152" /></testsuite></testsuites>