<?xml version="1.0" encoding="utf-8"?><testsuites name="pytest tests"><testsuite name="pytest" errors="0" failures="0" skipped="0" tests="17" time="3.942" timestamp="2026-03-02T15:54:15.893442+00:00" hostname="agent-env-9d674481-3a80-4d0e-8b24-f771ea85b97c"><testcase classname="tests.test_iteration16_cms_booking.TestPublicWebsiteEndpoint" name="test_public_website_returns_200" time="0.137" /><testcase classname="tests.test_iteration16_cms_booking.TestPublicWebsiteEndpoint" name="test_public_website_contains_config" time="0.114" /><testcase classname="tests.test_iteration16_cms_booking.TestPublicWebsiteEndpoint" name="test_public_website_config_has_required_fields" time="0.126" /><testcase classname="tests.test_iteration16_cms_booking.TestPublicWebsiteEndpoint" name="test_public_website_config_service_categories" time="0.123" /><testcase classname="tests.test_iteration16_cms_booking.TestPublicWebsiteEndpoint" name="test_public_website_contains_reviews" time="0.108" /><testcase classname="tests.test_iteration16_cms_booking.TestPublicWebsiteEndpoint" name="test_public_website_contains_gallery" time="0.120" /><testcase classname="tests.test_iteration16_cms_booking.TestPublicWebsiteEndpoint" name="test_public_website_gallery_has_sections" time="0.136" /><testcase classname="tests.test_iteration16_cms_booking.TestPublicWebsiteEndpoint" name="test_public_website_contains_services" time="0.156" /><testcase classname="tests.test_iteration16_cms_booking.TestPublicServicesAndOperators" name="test_public_services_returns_list" time="0.107" /><testcase classname="tests.test_iteration16_cms_booking.TestPublicServicesAndOperators" name="test_public_operators_returns_list" time="0.108" /><testcase classname="tests.test_iteration16_cms_booking.TestAuthenticatedWebsiteEndpoints" name="test_website_config_get" time="0.515" /><testcase classname="tests.test_iteration16_cms_booking.TestAuthenticatedWebsiteEndpoints" name="test_website_reviews_get" time="0.460" /><testcase classname="tests.test_iteration16_cms_booking.TestAuthenticatedWebsiteEndpoints" name="test_website_gallery_get" time="0.480" /><testcase classname="tests.test_iteration16_cms_booking.TestBookingPageIntegration" name="test_full_booking_page_data_fetch" time="0.332" /><testcase classname="tests.test_iteration16_cms_booking.TestBookingPageIntegration" name="test_booking_page_can_filter_gallery_by_section" time="0.127" /><testcase classname="tests.test_iteration16_cms_booking.TestWebsiteUploadEndpoint" name="test_upload_requires_auth" time="0.117" /><testcase classname="tests.test_iteration16_cms_booking.TestWebsiteUploadEndpoint" name="test_upload_endpoint_exists" time="0.622" /></testsuite></testsuites>