<?xml version="1.0" encoding="utf-8"?><testsuites name="pytest tests"><testsuite name="pytest" errors="0" failures="0" skipped="1" tests="9" time="2.397" timestamp="2026-02-24T16:33:01.721608+00:00" hostname="agent-env-9d674481-3a80-4d0e-8b24-f771ea85b97c"><testcase classname="backend.tests.test_reminders_api.TestRemindersAPI" name="test_get_tomorrow_reminders" time="0.807" /><testcase classname="backend.tests.test_reminders_api.TestRemindersAPI" name="test_mark_appointment_reminder_sent" time="0.346" /><testcase classname="backend.tests.test_reminders_api.TestRemindersAPI" name="test_mark_reminder_sent_invalid_appointment" time="0.081" /><testcase classname="backend.tests.test_reminders_api.TestRemindersAPI" name="test_get_inactive_clients" time="0.125" /><testcase classname="backend.tests.test_reminders_api.TestRemindersAPI" name="test_mark_inactive_recall_sent" time="0.109"><skipped type="pytest.skip" message="No inactive clients to test mark-sent">/app/backend/tests/test_reminders_api.py:152: No inactive clients to test mark-sent</skipped></testcase><testcase classname="backend.tests.test_reminders_api.TestRemindersAPI" name="test_mark_inactive_recall_invalid_client" time="0.148" /><testcase classname="backend.tests.test_reminders_api.TestRemindersDataIntegrity" name="test_reminders_requires_auth" time="0.353" /><testcase classname="backend.tests.test_reminders_api.TestRemindersDataIntegrity" name="test_reminder_response_has_correct_date" time="0.082" /><testcase classname="backend.tests.test_reminders_api.TestRemindersDataIntegrity" name="test_inactive_clients_sorted_by_days" time="0.173" /></testsuite></testsuites>