<?xml version="1.0" encoding="utf-8"?><testsuites name="pytest tests"><testsuite name="pytest" errors="0" failures="0" skipped="0" tests="7" time="1.276" timestamp="2026-02-26T15:28:12.828467+00:00" hostname="agent-env-9d674481-3a80-4d0e-8b24-f771ea85b97c"><testcase classname="backend.tests.test_auto_reminders_batch.TestAutoReminderCheck" name="test_auto_check_returns_valid_response" time="0.553" /><testcase classname="backend.tests.test_auto_reminders_batch.TestAutoReminderCheck" name="test_auto_check_pending_structure" time="0.080" /><testcase classname="backend.tests.test_auto_reminders_batch.TestBatchMarkSent" name="test_batch_mark_sent_empty_list_returns_error" time="0.146" /><testcase classname="backend.tests.test_auto_reminders_batch.TestBatchMarkSent" name="test_batch_mark_sent_nonexistent_ids" time="0.069" /><testcase classname="backend.tests.test_auto_reminders_batch.TestBatchMarkSent" name="test_batch_mark_sent_with_real_appointment" time="0.059" /><testcase classname="backend.tests.test_auto_reminders_batch.TestRemindersIntegration" name="test_auto_check_and_tomorrow_reminders_consistency" time="0.236" /><testcase classname="backend.tests.test_auto_reminders_batch.TestExpensesUpcomingWithOverdue" name="test_upcoming_expenses_overdue_flag" time="0.061" /></testsuite></testsuites>