<?xml version="1.0" encoding="utf-8"?><testsuites name="pytest tests"><testsuite name="pytest" errors="0" failures="0" skipped="0" tests="12" time="9.318" timestamp="2026-02-28T14:35:03.313750+00:00" hostname="agent-env-9d674481-3a80-4d0e-8b24-f771ea85b97c"><testcase classname="backend.tests.test_online_booking_operator_fix.TestOnlineBookingOperatorAutoAssign" name="test_public_booking_without_operator_gets_auto_assigned" time="1.069" /><testcase classname="backend.tests.test_online_booking_operator_fix.TestOnlineBookingOperatorAutoAssign" name="test_public_booking_with_operator_keeps_selected_operator" time="0.862" /><testcase classname="backend.tests.test_online_booking_operator_fix.TestOnlineBookingOperatorAutoAssign" name="test_appointments_appear_in_daily_view_query" time="0.942" /><testcase classname="backend.tests.test_online_booking_operator_fix.TestInternalAppointmentCreation" name="test_internal_appointment_with_operator" time="0.881" /><testcase classname="backend.tests.test_online_booking_operator_fix.TestInternalAppointmentCreation" name="test_internal_appointment_without_operator" time="0.864" /><testcase classname="backend.tests.test_online_booking_operator_fix.TestAppointmentUpdateAndDelete" name="test_update_appointment_time" time="1.163" /><testcase classname="backend.tests.test_online_booking_operator_fix.TestAppointmentUpdateAndDelete" name="test_update_appointment_operator" time="0.952" /><testcase classname="backend.tests.test_online_booking_operator_fix.TestAppointmentUpdateAndDelete" name="test_delete_appointment" time="0.966" /><testcase classname="backend.tests.test_online_booking_operator_fix.TestWeeklyAndMonthlyViews" name="test_weekly_view_with_date_range" time="0.435" /><testcase classname="backend.tests.test_online_booking_operator_fix.TestWeeklyAndMonthlyViews" name="test_monthly_view_with_date_range" time="0.444" /><testcase classname="backend.tests.test_online_booking_operator_fix.TestLoginFlow" name="test_login_valid_credentials" time="0.330" /><testcase classname="backend.tests.test_online_booking_operator_fix.TestLoginFlow" name="test_login_invalid_credentials" time="0.346" /></testsuite></testsuites>