<?xml version="1.0" encoding="utf-8"?><testsuites name="pytest tests"><testsuite name="pytest" errors="0" failures="0" skipped="0" tests="16" time="5.208" timestamp="2026-02-26T15:26:46.251140+00:00" hostname="agent-env-9d674481-3a80-4d0e-8b24-f771ea85b97c"><testcase classname="backend.tests.test_expenses_features.TestExpensesCRUD" name="test_create_expense_basic" time="0.679" /><testcase classname="backend.tests.test_expenses_features.TestExpensesCRUD" name="test_create_recurring_expense" time="0.101" /><testcase classname="backend.tests.test_expenses_features.TestExpensesCRUD" name="test_get_expenses_all" time="0.067" /><testcase classname="backend.tests.test_expenses_features.TestExpensesCRUD" name="test_get_expenses_unpaid" time="0.062" /><testcase classname="backend.tests.test_expenses_features.TestExpensesCRUD" name="test_get_expenses_paid" time="0.054" /><testcase classname="backend.tests.test_expenses_features.TestExpensesCRUD" name="test_update_expense" time="0.194" /><testcase classname="backend.tests.test_expenses_features.TestExpensesCRUD" name="test_delete_expense" time="0.233" /><testcase classname="backend.tests.test_expenses_features.TestExpensePayUnpay" name="test_mark_expense_as_paid" time="0.199" /><testcase classname="backend.tests.test_expenses_features.TestExpensePayUnpay" name="test_mark_expense_as_unpaid" time="0.536" /><testcase classname="backend.tests.test_expenses_features.TestExpensePayUnpay" name="test_recurring_expense_creates_next" time="0.376" /><testcase classname="backend.tests.test_expenses_features.TestUpcomingExpenses" name="test_get_upcoming_expenses" time="0.071" /><testcase classname="backend.tests.test_expenses_features.TestUpcomingExpenses" name="test_upcoming_expenses_with_overdue_flag" time="0.203" /><testcase classname="backend.tests.test_expenses_features.TestExpenseCategories" name="test_all_category_types" time="0.639" /><testcase classname="backend.tests.test_expenses_features.TestExpenseErrorHandling" name="test_update_nonexistent_expense" time="0.100" /><testcase classname="backend.tests.test_expenses_features.TestExpenseErrorHandling" name="test_delete_nonexistent_expense" time="0.065" /><testcase classname="backend.tests.test_expenses_features.TestExpenseErrorHandling" name="test_pay_nonexistent_expense" time="1.522" /></testsuite></testsuites>