<?xml version="1.0" encoding="utf-8"?><testsuites name="pytest tests"><testsuite name="pytest" errors="0" failures="0" skipped="0" tests="44" time="12.149" timestamp="2026-02-28T16:17:39.545487+00:00" hostname="agent-env-9d674481-3a80-4d0e-8b24-f771ea85b97c"><testcase classname="tests.test_refactoring_regression.TestAPIRoot" name="test_api_root" time="0.269" /><testcase classname="tests.test_refactoring_regression.TestAuthEndpoints" name="test_login_valid_credentials" time="0.388" /><testcase classname="tests.test_refactoring_regression.TestAuthEndpoints" name="test_login_invalid_credentials" time="0.106" /><testcase classname="tests.test_refactoring_regression.TestAuthEndpoints" name="test_get_me" time="0.462" /><testcase classname="tests.test_refactoring_regression.TestOperatorsEndpoints" name="test_get_operators" time="0.491" /><testcase classname="tests.test_refactoring_regression.TestOperatorsEndpoints" name="test_create_update_delete_operator" time="0.353" /><testcase classname="tests.test_refactoring_regression.TestClientsEndpoints" name="test_get_clients" time="0.467" /><testcase classname="tests.test_refactoring_regression.TestClientsEndpoints" name="test_create_update_delete_client" time="0.860" /><testcase classname="tests.test_refactoring_regression.TestClientsEndpoints" name="test_search_client_appointments" time="0.103" /><testcase classname="tests.test_refactoring_regression.TestServicesEndpoints" name="test_get_services" time="0.430" /><testcase classname="tests.test_refactoring_regression.TestServicesEndpoints" name="test_create_update_delete_service" time="0.342" /><testcase classname="tests.test_refactoring_regression.TestAppointmentsEndpoints" name="test_get_appointments" time="0.447" /><testcase classname="tests.test_refactoring_regression.TestAppointmentsEndpoints" name="test_get_appointments_date_range" time="0.109" /><testcase classname="tests.test_refactoring_regression.TestAppointmentsEndpoints" name="test_create_and_manage_appointment" time="0.684" /><testcase classname="tests.test_refactoring_regression.TestCardsEndpoints" name="test_get_cards" time="0.511" /><testcase classname="tests.test_refactoring_regression.TestCardsEndpoints" name="test_get_card_templates" time="0.115" /><testcase classname="tests.test_refactoring_regression.TestStatsEndpoints" name="test_get_dashboard" time="0.469" /><testcase classname="tests.test_refactoring_regression.TestStatsEndpoints" name="test_get_daily_summary" time="0.120" /><testcase classname="tests.test_refactoring_regression.TestStatsEndpoints" name="test_get_revenue_stats" time="0.100" /><testcase classname="tests.test_refactoring_regression.TestStatsEndpoints" name="test_get_settings" time="0.101" /><testcase classname="tests.test_refactoring_regression.TestStatsEndpoints" name="test_get_payments" time="0.105" /><testcase classname="tests.test_refactoring_regression.TestRemindersEndpoints" name="test_get_sms_status" time="0.429" /><testcase classname="tests.test_refactoring_regression.TestRemindersEndpoints" name="test_get_tomorrow_reminders" time="0.116" /><testcase classname="tests.test_refactoring_regression.TestRemindersEndpoints" name="test_get_auto_reminder_check" time="0.106" /><testcase classname="tests.test_refactoring_regression.TestRemindersEndpoints" name="test_get_color_expiry_reminders" time="0.104" /><testcase classname="tests.test_refactoring_regression.TestRemindersEndpoints" name="test_get_inactive_clients" time="0.171" /><testcase classname="tests.test_refactoring_regression.TestRemindersEndpoints" name="test_get_message_templates" time="0.114" /><testcase classname="tests.test_refactoring_regression.TestLoyaltyEndpoints" name="test_get_all_loyalty" time="0.431" /><testcase classname="tests.test_refactoring_regression.TestLoyaltyEndpoints" name="test_get_loyalty_config" time="0.131" /><testcase classname="tests.test_refactoring_regression.TestExpensesEndpoints" name="test_get_expenses" time="0.442" /><testcase classname="tests.test_refactoring_regression.TestExpensesEndpoints" name="test_get_upcoming_expenses" time="0.135" /><testcase classname="tests.test_refactoring_regression.TestExpensesEndpoints" name="test_create_update_delete_expense" time="0.334" /><testcase classname="tests.test_refactoring_regression.TestPromotionsEndpoints" name="test_get_promotions" time="0.453" /><testcase classname="tests.test_refactoring_regression.TestPromotionsEndpoints" name="test_public_promotions" time="0.108" /><testcase classname="tests.test_refactoring_regression.TestNotificationsEndpoints" name="test_get_new_bookings" time="0.519" /><testcase classname="tests.test_refactoring_regression.TestNotificationsEndpoints" name="test_mark_bookings_seen" time="0.119" /><testcase classname="tests.test_refactoring_regression.TestPublicEndpoints" name="test_get_public_services" time="0.105" /><testcase classname="tests.test_refactoring_regression.TestPublicEndpoints" name="test_get_public_operators" time="0.111" /><testcase classname="tests.test_refactoring_regression.TestPublicEndpoints" name="test_public_booking_flow" time="0.201" /><testcase classname="tests.test_refactoring_regression.TestPublicEndpoints" name="test_lookup_my_appointments" time="0.121" /><testcase classname="tests.test_refactoring_regression.TestWebsiteCMSEndpoints" name="test_get_website_config" time="0.441" /><testcase classname="tests.test_refactoring_regression.TestWebsiteCMSEndpoints" name="test_get_website_gallery" time="0.103" /><testcase classname="tests.test_refactoring_regression.TestWebsiteCMSEndpoints" name="test_get_website_reviews" time="0.100" /><testcase classname="tests.test_refactoring_regression.TestWebsiteCMSEndpoints" name="test_public_website" time="0.109" /></testsuite></testsuites>