<?xml version="1.0" encoding="utf-8"?><testsuites name="pytest tests"><testsuite name="pytest" errors="0" failures="0" skipped="0" tests="26" time="7.662" timestamp="2026-02-26T14:05:16.478693+00:00" hostname="agent-env-9d674481-3a80-4d0e-8b24-f771ea85b97c"><testcase classname="tests.test_cms_regression.TestPublicWebsite" name="test_public_website_returns_config_with_defaults" time="0.284" /><testcase classname="tests.test_cms_regression.TestPublicWebsite" name="test_public_website_has_reviews" time="0.202" /><testcase classname="tests.test_cms_regression.TestPublicWebsite" name="test_public_website_has_gallery" time="0.140" /><testcase classname="tests.test_cms_regression.TestPublicBooking" name="test_public_booking_endpoint_exists" time="0.283" /><testcase classname="tests.test_cms_regression.TestPublicBooking" name="test_public_services_endpoint" time="0.116" /><testcase classname="tests.test_cms_regression.TestPublicBooking" name="test_public_operators_endpoint" time="0.125" /><testcase classname="tests.test_cms_regression.TestServicesModellanti" name="test_modellanti_category_exists" time="0.451" /><testcase classname="tests.test_cms_regression.TestOperators" name="test_mbhs_operator_exists" time="0.140" /><testcase classname="tests.test_cms_regression.TestAppointments" name="test_create_appointment_with_client_name" time="0.278" /><testcase classname="tests.test_cms_regression.TestAppointments" name="test_create_appointment_generic_client" time="0.292" /><testcase classname="tests.test_cms_regression.TestClientCardsAndLoyalty" name="test_get_client_cards" time="0.256" /><testcase classname="tests.test_cms_regression.TestClientCardsAndLoyalty" name="test_get_client_loyalty" time="0.456" /><testcase classname="tests.test_cms_regression.TestRecurringAppointments" name="test_create_recurring_weekly" time="0.477" /><testcase classname="tests.test_cms_regression.TestRecurringAppointments" name="test_create_recurring_monthly" time="0.418" /><testcase classname="tests.test_cms_regression.TestPrepaidCards" name="test_get_cards_endpoint" time="0.121" /><testcase classname="tests.test_cms_regression.TestPrepaidCards" name="test_create_card_for_client" time="0.283" /><testcase classname="tests.test_cms_regression.TestPayments" name="test_get_payments_endpoint" time="0.122" /><testcase classname="tests.test_cms_regression.TestWebsiteAdmin" name="test_get_website_config" time="0.139" /><testcase classname="tests.test_cms_regression.TestWebsiteAdmin" name="test_update_website_config" time="0.787" /><testcase classname="tests.test_cms_regression.TestWebsiteAdmin" name="test_get_website_reviews" time="0.178" /><testcase classname="tests.test_cms_regression.TestWebsiteAdmin" name="test_add_review" time="0.129" /><testcase classname="tests.test_cms_regression.TestWebsiteAdmin" name="test_get_website_gallery" time="0.125" /><testcase classname="tests.test_cms_regression.TestDashboardModules" name="test_dashboard_stats" time="0.129" /><testcase classname="tests.test_cms_regression.TestCleanup" name="test_cleanup_test_appointments" time="0.945" /><testcase classname="tests.test_cms_regression.TestCleanup" name="test_cleanup_test_reviews" time="0.322" /><testcase classname="tests.test_cms_regression.TestCleanup" name="test_cleanup_test_cards" time="0.370" /></testsuite></testsuites>