<?xml version="1.0" encoding="utf-8"?><testsuites name="pytest tests"><testsuite name="pytest" errors="0" failures="0" skipped="0" tests="15" time="4.455" timestamp="2026-02-28T14:51:27.730374+00:00" hostname="agent-env-9d674481-3a80-4d0e-8b24-f771ea85b97c"><testcase classname="backend.tests.test_notifications_gallery.TestNotificationEndpoints" name="test_get_new_bookings_endpoint_returns_online_bookings" time="0.484" /><testcase classname="backend.tests.test_notifications_gallery.TestNotificationEndpoints" name="test_get_new_bookings_returns_booking_details" time="0.489" /><testcase classname="backend.tests.test_notifications_gallery.TestNotificationEndpoints" name="test_mark_seen_endpoint_updates_booking" time="0.538" /><testcase classname="backend.tests.test_notifications_gallery.TestNotificationEndpoints" name="test_mark_multiple_bookings_seen" time="0.531" /><testcase classname="backend.tests.test_notifications_gallery.TestWebsiteGallery" name="test_public_website_endpoint_returns_gallery" time="0.116" /><testcase classname="backend.tests.test_notifications_gallery.TestWebsiteGallery" name="test_gallery_has_salon_photos" time="0.102" /><testcase classname="backend.tests.test_notifications_gallery.TestWebsiteGallery" name="test_gallery_photos_have_valid_urls" time="0.118" /><testcase classname="backend.tests.test_notifications_gallery.TestWebsiteGallery" name="test_gallery_photos_have_required_fields" time="0.112" /><testcase classname="backend.tests.test_notifications_gallery.TestWebsiteGallery" name="test_gallery_has_works_photos" time="0.111" /><testcase classname="backend.tests.test_notifications_gallery.TestPublicBookingFlow" name="test_public_services_endpoint" time="0.111" /><testcase classname="backend.tests.test_notifications_gallery.TestPublicBookingFlow" name="test_public_operators_endpoint" time="0.108" /><testcase classname="backend.tests.test_notifications_gallery.TestLoginFlow" name="test_login_valid_credentials" time="0.334" /><testcase classname="backend.tests.test_notifications_gallery.TestLoginFlow" name="test_login_invalid_credentials" time="0.324" /><testcase classname="backend.tests.test_notifications_gallery.TestPlanningAppointments" name="test_get_appointments_by_date" time="0.456" /><testcase classname="backend.tests.test_notifications_gallery.TestPlanningAppointments" name="test_get_operators" time="0.445" /></testsuite></testsuites>