<?xml version="1.0" encoding="utf-8"?><testsuites name="pytest tests"><testsuite name="pytest" errors="0" failures="0" skipped="0" tests="15" time="12.669" timestamp="2026-03-02T16:08:09.548533+00:00" hostname="agent-env-9d674481-3a80-4d0e-8b24-f771ea85b97c"><testcase classname="backend.tests.test_iteration17_video_promo_card.TestVideoUpload" name="test_upload_endpoint_accepts_video_types_mp4" time="0.850" /><testcase classname="backend.tests.test_iteration17_video_promo_card.TestVideoUpload" name="test_upload_endpoint_accepts_video_types_webm" time="1.791" /><testcase classname="backend.tests.test_iteration17_video_promo_card.TestVideoUpload" name="test_upload_endpoint_accepts_video_types_mov" time="0.705" /><testcase classname="backend.tests.test_iteration17_video_promo_card.TestVideoUpload" name="test_upload_image_returns_image_file_type" time="0.690" /><testcase classname="backend.tests.test_iteration17_video_promo_card.TestGalleryFileType" name="test_gallery_post_stores_file_type" time="0.645" /><testcase classname="backend.tests.test_iteration17_video_promo_card.TestGalleryFileType" name="test_gallery_get_returns_file_type" time="0.513" /><testcase classname="backend.tests.test_iteration17_video_promo_card.TestAppointmentPromoCard" name="test_create_appointment_with_promo_id" time="1.178" /><testcase classname="backend.tests.test_iteration17_video_promo_card.TestAppointmentPromoCard" name="test_create_appointment_with_card_id" time="1.254" /><testcase classname="backend.tests.test_iteration17_video_promo_card.TestAppointmentPromoCard" name="test_create_appointment_with_both_promo_and_card" time="1.243" /><testcase classname="backend.tests.test_iteration17_video_promo_card.TestAppointmentPromoCard" name="test_get_appointments_returns_promo_card_fields" time="1.535" /><testcase classname="backend.tests.test_iteration17_video_promo_card.TestPromotionsEndpoints" name="test_get_promotions_list" time="0.510" /><testcase classname="backend.tests.test_iteration17_video_promo_card.TestPromotionsEndpoints" name="test_check_client_promos" time="0.565" /><testcase classname="backend.tests.test_iteration17_video_promo_card.TestCardsEndpoints" name="test_get_client_cards" time="0.582" /><testcase classname="backend.tests.test_iteration17_video_promo_card.TestLoginEndpoint" name="test_login_success" time="0.352" /><testcase classname="backend.tests.test_iteration17_video_promo_card.TestLoginEndpoint" name="test_login_failure" time="0.174" /></testsuite></testsuites>